Configuring hello-0.1.0.0...
Building hello-0.1.0.0...
Preprocessing library hello-0.1.0.0...
In-place registering hello-0.1.0.0...
Preprocessing executable 'hello-haskell' for hello-0.1.0.0...
Running Haddock for hello-0.1.0.0...
Preprocessing library hello-0.1.0.0...
Haddock coverage:
   0% (  0 /  2) in 'Hello'
  Missing documentation for:
    Module header
    sayHello (src/Hello.hs:3)
Documentation created: dist/dist-sandbox-5dbfefdf/doc/html/hello/index.html
Preprocessing executable 'hello-haskell' for hello-0.1.0.0...
Creating package registration file:
/var/folders/t9/6b3v49h15wb7dy8h3_gzx8wr0000gn/T/pkgConf-hello-0.1.01010275441457850878.0
Installing library in
/Users/jamesvaughan/Dropbox/Code/Haskell/haskell_programming/call-em-up/.cabal-sandbox/lib/x86_64-osx-ghc-7.10.3/hello-0.1.0.0-IJIUuynUbgsHAquBKsAsb5
Installing executable(s) in
/Users/jamesvaughan/Dropbox/Code/Haskell/haskell_programming/call-em-up/.cabal-sandbox/bin
Registering hello-0.1.0.0...
